make all --print-data-base --no-builtin-variables --no-builtin-rules --question
# GNU Make 3.81
# Copyright (C) 2006  Free Software Foundation, Inc.
# This is free software; see the source for copying conditions.
# There is NO warranty; not even for MERCHANTABILITY or FITNESS FOR A
# PARTICULAR PURPOSE.

# This program built for i386-apple-darwin11.3.0
 
make: *** No rule to make target `push_swap.o', needed by `push_swap'.  Stop.


# Make data base, printed on Fri May 20 11:33:29 2022

# Variables

# automatic
<D = $(patsubst %/,%,$(dir $<))
# automatic
?F = $(notdir $?)
# environment
VSCODE_LOG_NATIVE = false
# automatic
?D = $(patsubst %/,%,$(dir $?))
# automatic
@D = $(patsubst %/,%,$(dir $@))
# automatic
@F = $(notdir $@)
# makefile (from `Makefile', line 12)
BONUS_OBJS = $(BONUS_SRCS:.c=.o)
# makefile
CURDIR := /Users/yerraqui/Desktop/push_swap
# makefile
SHELL = /bin/sh
# makefile (from `Makefile', line 18)
RM = rm -f
# environment
DIRHISTORY_SIZE = 30
# environment
VSCODE_NLS_CONFIG = {"locale":"en-us","availableLanguages":{},"_languagePackSupport":true}
# environment
_ = /usr/bin/make
# makefile (from `Makefile', line 16)
CFLAGS = -Wall -Werror -Wextra
# makefile (from `Makefile', line 1)
MAKEFILE_LIST :=  Makefile
# makefile (from `Makefile', line 4)
SRCS = push_swap.c sorting/sort_six_plus.c sorting/sort_five.c sorting/sort_four.c sorting/sort_three.c instructions/swap.c instructions/push.c instructions/rotate.c instructions/reverse_rotate.c instructions/check_instructions.c function_utils/ft_atoi.c function_utils/ft_strcmp.c function_utils/error_exit.c function_utils/ft_strchr.c function_utils/ft_split.c function_utils/parse_av.c list_utils/add_to_back.c list_utils/create_node.c list_utils/last_node.c list_utils/free_list.c list_utils/before_last_node.c list_utils/index_stack.c list_utils/find_smallest_index.c list_utils/list_size.c list_utils/index_of_node.c list_utils/push_side.c list_utils/last_node_index.c list_utils/search_for_index.c list_utils/init_i.c list_utils/init_stack_a.c checking/args_checking.c checking/stack_checking.c
# environment
VSCODE_VERBOSE_LOGGING = true
# makefile (from `Makefile', line 6)
OBJS = $(SRCS:.c=.o)
# environment
VSCODE_IPC_HOOK_EXTHOST = /var/folders/zz/zyxvpxvq6csfxvn_n0000hym00047n/T/vscode-ipc-c794bc49-91c3-4791-9539-4b730798ea13.sock
# environment
VSCODE_CWD = /
# environment
Apple_PubSub_Socket_Render = /private/tmp/com.apple.launchd.jxoSPLikzy/Render
# environment
PATH = /Users/yerraqui/sdk/go1.18/bin/:/Users/yerraqui/Library/Python/3.9/lib/python/site-packages:/Users/yerraqui/goinfre/brew/Library/Taps/louisbrunner/homebrew-valgrind:/Users/yerraqui/.brew/bin:/Users/yerraqui/goinfre/brew/bin:/Users/yerraqui/goinfre/brew:/opt/homebrew/bin:/opt/homebrew/bin:/usr/local/bin:/usr/bin:/bin:/usr/sbin:/sbin:/usr/local/munki:/Users/yerraqui/.scripts:/usr/local/bin:/usr/bin:/bin:/usr/sbin:/sbin:/usr/local/munki:/Users/yerraqui/.scripts
# environment
LSCOLORS = Gxfxcxdxbxegedabagacad
# environment
VSCODE_LOG_STACK = false
# environment
ELECTRON_RUN_AS_NODE = 1
# default
.FEATURES := target-specific order-only second-expansion else-if archives jobserver check-symlink
# environment
SSH_AUTH_SOCK = /private/tmp/com.apple.launchd.sw5v7Qwkf1/Listeners
# automatic
%F = $(notdir $%)
# environment
HOMEBREW_TEMP = /tmp/yerraqui/Homebrew/Temp
# makefile (from `Makefile', line 10)
BONUS_SRCS = checker_bonus/checker_bonus.c checker_bonus/checking/args_checking.c checker_bonus/checking/stack_checking.c checker_bonus/list_utils/create_node.c checker_bonus/list_utils/init_stack_a.c checker_bonus/list_utils/add_to_back.c checker_bonus/list_utils/before_last_node.c checker_bonus/list_utils/last_node.c checker_bonus/function_utils/error_exit.c checker_bonus/function_utils/free_and_exit.c checker_bonus/function_utils/ft_strcmp.c checker_bonus/function_utils/ft_atoi.c checker_bonus/function_utils/ft_strlen.c checker_bonus/function_utils/ft_strjoin.c checker_bonus/function_utils/ft_strdup.c checker_bonus/function_utils/ft_strchr.c checker_bonus/function_utils/ft_split.c checker_bonus/function_utils/parse_av.c checker_bonus/instructions/swap.c checker_bonus/instructions/push.c checker_bonus/instructions/rotate.c checker_bonus/instructions/reverse_rotate.c 
# environment
VSCODE_PIPE_LOGGING = true
# environment
PWD = /Users/yerraqui/Desktop/push_swap
# environment
ORIGINAL_XDG_CURRENT_DESKTOP = undefined
# environment
VSCODE_AMD_ENTRYPOINT = vs/workbench/services/extensions/node/extensionHostProcess
# environment
HOME = /Users/yerraqui
# default
MAKEFILEPATH := /Applications/Xcode.app/Contents/Developer/Makefiles
# environment
VSCODE_CODE_CACHE_PATH = /Users/yerraqui/Library/Application Support/Code/CachedData/c3f126316369cd610563c75b1b1725e0679adfb3
# environment
LOGNAME = yerraqui
# environment
APPLICATION_INSIGHTS_NO_DIAGNOSTIC_CHANNEL = true
# environment
ZSH = /Users/yerraqui/.oh-my-zsh
# environment
VSCODE_HANDLES_UNCAUGHT_ERRORS = true
# automatic
^D = $(patsubst %/,%,$(dir $^))
# environment
XPC_FLAGS = 0x0
# default
MAKE = $(MAKE_COMMAND)
# default
MAKECMDGOALS := all
# environment
HOMEBREW_CACHE = /tmp/yerraqui/Homebrew/Caches
# environment
SHLVL = 1
# makefile (from `Makefile', line 14)
CC = cc
# default
MAKE_VERSION := 3.81
# environment
USER = yerraqui
# makefile
.DEFAULT_GOAL := all
# makefile (from `Makefile', line 2)
NAME = push_swap
# environment
LESS = -R
# automatic
%D = $(patsubst %/,%,$(dir $%))
# default
MAKE_COMMAND := /Applications/Xcode.app/Contents/Developer/usr/bin/make
# default
.VARIABLES := 
# environment
TMPDIR = /var/folders/zz/zyxvpxvq6csfxvn_n0000hym00047n/T/
# automatic
*F = $(notdir $*)
# environment
VSCODE_IPC_HOOK = /Users/yerraqui/Library/Application Support/Code/1.58.2-main.sock
# makefile
MAKEFLAGS = Rrqp
# environment
MFLAGS = -Rrqp
# automatic
*D = $(patsubst %/,%,$(dir $*))
# makefile (from `Makefile', line 8)
BONUS_NAME = checker
# environment
XPC_SERVICE_NAME = com.microsoft.VSCode.1212
# automatic
+D = $(patsubst %/,%,$(dir $+))
# automatic
+F = $(notdir $+)
# environment
__CF_USER_TEXT_ENCODING = 0x10F5:0x0:0x0
# default
MAKEFILES := 
# environment
VSCODE_BROWSER_CODE_LOADING = bypassHeatCheck
# automatic
<F = $(notdir $<)
# environment
PAGER = less
# environment
LC_ALL = C
# automatic
^F = $(notdir $^)
# default
SUFFIXES := 
# default
.INCLUDE_DIRS = /usr/local/include
# environment
MAKELEVEL := 0
# environment
LANG = C
# environment
VSCODE_PID = 68011
# variable set hash-table stats:
# Load=78/1024=8%, Rehash=0, Collisions=7/108=6%

# Pattern-specific Variable Values

# No pattern-specific variable values.

# Directories

# . (device 16777227, inode 3144168): 18 files, no impossibilities.

# 18 files, no impossibilities in 1 directories.

# Implicit Rules

# No implicit rules.

# Files

# Not a target:
list_utils/init_i.o:
#  Implicit rule search has not been done.
#  Modification time never checked.
#  File has not been updated.

# Not a target:
list_utils/free_list.o:
#  Implicit rule search has not been done.
#  Modification time never checked.
#  File has not been updated.

# Not a target:
checker_bonus/function_utils/ft_strcmp.o:
#  Implicit rule search has not been done.
#  Modification time never checked.
#  File has not been updated.

# Not a target:
checker_bonus/instructions/push.o:
#  Implicit rule search has not been done.
#  Modification time never checked.
#  File has not been updated.

# Not a target:
checker_bonus/checking/args_checking.o:
#  Implicit rule search has not been done.
#  Modification time never checked.
#  File has not been updated.

# Not a target:
checker_bonus/function_utils/ft_strdup.o:
#  Implicit rule search has not been done.
#  Modification time never checked.
#  File has not been updated.

# Not a target:
function_utils/ft_atoi.o:
#  Implicit rule search has not been done.
#  Modification time never checked.
#  File has not been updated.

# Not a target:
checking/stack_checking.o:
#  Implicit rule search has not been done.
#  Modification time never checked.
#  File has not been updated.

# Not a target:
checker_bonus/function_utils/ft_strchr.o:
#  Implicit rule search has not been done.
#  Modification time never checked.
#  File has not been updated.

all: push_swap
#  Phony target (prerequisite of .PHONY).
#  Command-line target.
#  Implicit rule search has not been done.
#  File does not exist.
#  File has not been updated.
# variable set hash-table stats:
# Load=0/32=0%, Rehash=0, Collisions=0/0=0%

# Not a target:
checker_bonus/list_utils/create_node.o:
#  Implicit rule search has not been done.
#  Modification time never checked.
 
#  File has not been updated.

.PHONY: all clean fclean re test bonus
#  Implicit rule search has not been done.
#  Modification time never checked.
#  File has not been updated.

# Not a target:
checker_bonus/instructions/rotate.o:
#  Implicit rule search has not been done.
#  Modification time never checked.
#  File has not been updated.

# Not a target:
instructions/swap.o:
#  Implicit rule search has not been done.
#  Modification time never checked.
#  File has not been updated.

# Not a target:
instructions/reverse_rotate.o:
#  Implicit rule search has not been done.
#  Modification time never checked.
#  File has not been updated.

# Not a target:
list_utils/init_stack_a.o:
#  Implicit rule search has not been done.
#  Modification time never checked.
#  File has not been updated.

# Not a target:
checker_bonus/list_utils/last_node.o:
#  Implicit rule search has not been done.
#  Modification time never checked.
#  File has not been updated.

# Not a target:
.SUFFIXES:
#  Implicit rule search has not been done.
#  Modification time never checked.
#  File has not been updated.

# Not a target:
checker_bonus/function_utils/ft_atoi.o:
#  Implicit rule search has not been done.
#  Modification time never checked.
#  File has not been updated.

# Not a target:
sorting/sort_three.o:
#  Implicit rule search has not been done.
#  Modification time never checked.
#  File has not been updated.

# Not a target:
Makefile:
#  Implicit rule search has been done.
#  Last modified 2022-05-20 11:31:57
#  File has been updated.
#  Successfully updated.
# variable set hash-table stats:
# Load=0/32=0%, Rehash=0, Collisions=0/0=0%

# Not a target:
instructions/push.o:
#  Implicit rule search has not been done.
#  Modification time never checked.
#  File has not been updated.

test:
#  Phony target (prerequisite of .PHONY).
#  Implicit rule search has not been done.
#  File does not exist.
#  File has not been updated.
#  commands to execute (from `Makefile', line 30):
	./push_swap 14 45 48 34 40 26 1 5 20 0 25 32 12 9 49 36 18 41 33 4 50 30 39 13 21 19 43 31 22 7 44 11 35 23 42 28 2 15 8 24 17 37 46 27 10 3 47 16 6 38 29
	

# Not a target:
list_utils/add_to_back.o:
#  Implicit rule search has not been done.
#  Modification time never checked.
#  File has not been updated.

# Not a target:
checker_bonus/function_utils/free_and_exit.o:
#  Implicit rule search has not been done.
#  Modification time never checked.
#  File has not been updated.

# Not a target:
function_utils/ft_split.o:
#  Implicit rule search has not been done.
#  Modification time never checked.
#  File has not been updated.

# Not a target:
checker_bonus/function_utils/error_exit.o:
#  Implicit rule search has not been done.
#  Modification time never checked.
#  File has not been updated.

# Not a target:
instructions/rotate.o:
#  Implicit rule search has not been done.
#  Modification time never checked.
#  File has not been updated.

# Not a target:
checker_bonus/function_utils/ft_strlen.o:
#  Implicit rule search has not been done.
#  Modification time never checked.
#  File has not been updated.

# Not a target:
checking/args_checking.o:
#  Implicit rule search has not been done.
#  Modification time never checked.
#  File has not been updated.

bonus: checker_bonus/checker_bonus.o checker_bonus/checking/args_checking.o checker_bonus/checking/stack_checking.o checker_bonus/list_utils/create_node.o checker_bonus/list_utils/init_stack_a.o checker_bonus/list_utils/add_to_back.o checker_bonus/list_utils/before_last_node.o checker_bonus/list_utils/last_node.o checker_bonus/function_utils/error_exit.o checker_bonus/function_utils/free_and_exit.o checker_bonus/function_utils/ft_strcmp.o checker_bonus/function_utils/ft_atoi.o checker_bonus/function_utils/ft_strlen.o checker_bonus/function_utils/ft_strjoin.o checker_bonus/function_utils/ft_strdup.o checker_bonus/function_utils/ft_strchr.o checker_bonus/function_utils/ft_split.o checker_bonus/function_utils/parse_av.o checker_bonus/instructions/swap.o checker_bonus/instructions/push.o checker_bonus/instructions/rotate.o checker_bonus/instructions/reverse_rotate.o
#  Phony target (prerequisite of .PHONY).
#  Implicit rule search has not been done.
#  File does not exist.
#  File has not been updated.
#  commands to execute (from `Makefile', line 33):
	$(CC) $(CFLAGS) $(BONUS_OBJS) -o $(BONUS_NAME) -I ./checker_bonus/. -fsanitize=address
	

# Not a target:
checker_bonus/list_utils/init_stack_a.o:
#  Implicit rule search has not been done.
#  Modification time never checked.
#  File has not been updated.

.c.o:
#  Implicit rule search has not been done.
#  Modification time never checked.
#  File has not been updated.
#  commands to execute (from `Makefile', line 26):
	$(CC) $(CFLAGS) -c $< -o $(<:.c=.o) -I. 
	

fclean: clean
#  Phony target (prerequisite of .PHONY).
#  Implicit rule search has not been done.
#  File does not exist.
#  File has not been updated.
#  commands to execute (from `Makefile', line 39):
	$(RM) $(NAME) $(BONUS_NAME)
	

# Not a target:
list_utils/index_stack.o:
#  Implicit rule search has not been done.
#  Modification time never checked.
#  File has not been updated.

# Not a target:
list_utils/search_for_index.o:
#  Implicit rule search has not been done.
#  Modification time never checked.
#  File has not been updated.

# Not a target:
sorting/sort_four.o:
#  Implicit rule search has not been done.
#  Modification time never checked.
#  File has not been updated.

# Not a target:
sorting/sort_six_plus.o:
#  Implicit rule search has not been done.
#  Modification time never checked.
#  File has not been updated.

# Not a target:
list_utils/find_smallest_index.o:
#  Implicit rule search has not been done.
#  Modification time never checked.
#  File has not been updated.

# Not a target:
list_utils/before_last_node.o:
#  Implicit rule search has not been done.
#  Modification time never checked.
#  File has not been updated.

# Not a target:
checker_bonus/function_utils/ft_strjoin.o:
#  Implicit rule search has not been done.
#  Modification time never checked.
#  File has not been updated.

# Not a target:
checker_bonus/function_utils/ft_split.o:
#  Implicit rule search has not been done.
#  Modification time never checked.
#  File has not been updated.

# Not a target:
list_utils/push_side.o:
#  Implicit rule search has not been done.
#  Modification time never checked.
#  File has not been updated.

# Not a target:
list_utils/last_node_index.o:
#  Implicit rule search has not been done.
#  Modification time never checked.
#  File has not been updated.

# Not a target:
checker_bonus/list_utils/add_to_back.o:
#  Implicit rule search has not been done.
#  Modification time never checked.
#  File has not been updated.

# Not a target:
.DEFAULT:
#  Implicit rule search has not been done.
#  Modification time never checked.
#  File has not been updated.

re: fclean all
#  Phony target (prerequisite of .PHONY).
#  Implicit rule search has not been done.
#  File does not exist.
#  File has not been updated.

# Not a target:
list_utils/list_size.o:
#  Implicit rule search has not been done.
#  Modification time never checked.
#  File has not been updated.

clean:
#  Phony target (prerequisite of .PHONY).
#  Implicit rule search has not been done.
#  File does not exist.
#  File has not been updated.
#  commands to execute (from `Makefile', line 36):
	$(RM) $(OBJS) $(BONUS_OBJS)
	

# Not a target:
checker_bonus/checking/stack_checking.o:
#  Implicit rule search has not been done.
#  Modification time never checked.
#  File has not been updated.

# Not a target:
push_swap.o:
#  Implicit rule search has been done.
#  File does not exist.
#  File has not been updated.
# variable set hash-table stats:
# Load=0/32=0%, Rehash=0, Collisions=0/0=0%

 
push_swap: push_swap.o sorting/sort_six_plus.o sorting/sort_five.o sorting/sort_four.o sorting/sort_three.o instructions/swap.o instructions/push.o instructions/rotate.o instructions/reverse_rotate.o instructions/check_instructions.o function_utils/ft_atoi.o function_utils/ft_strcmp.o function_utils/error_exit.o function_utils/ft_strchr.o function_utils/ft_split.o function_utils/parse_av.o list_utils/add_to_back.o list_utils/create_node.o list_utils/last_node.o list_utils/free_list.o list_utils/before_last_node.o list_utils/index_stack.o list_utils/find_smallest_index.o list_utils/list_size.o list_utils/index_of_node.o list_utils/push_side.o list_utils/last_node_index.o list_utils/search_for_index.o list_utils/init_i.o list_utils/init_stack_a.o checking/args_checking.o checking/stack_checking.o
#  Implicit rule search has not been done.
#  Last modified 2022-05-20 11:32:05
#  File has not been updated.
# variable set hash-table stats:
# Load=0/32=0%, Rehash=0, Collisions=0/0=0%
#  commands to execute (from `Makefile', line 23):
	$(CC) $(CFLAGS) $(OBJS) -o $(NAME) -I.
	

# Not a target:
function_utils/parse_av.o:
#  Implicit rule search has not been done.
#  Modification time never checked.
#  File has not been updated.

# Not a target:
instructions/check_instructions.o:
#  Implicit rule search has not been done.
#  Modification time never checked.
#  File has not been updated.

# Not a target:
list_utils/index_of_node.o:
#  Implicit rule search has not been done.
#  Modification time never checked.
#  File has not been updated.

# Not a target:
checker_bonus/list_utils/before_last_node.o:
#  Implicit rule search has not been done.
#  Modification time never checked.
#  File has not been updated.

# Not a target:
sorting/sort_five.o:
#  Implicit rule search has not been done.
#  Modification time never checked.
#  File has not been updated.

# Not a target:
function_utils/ft_strcmp.o:
#  Implicit rule search has not been done.
#  Modification time never checked.
#  File has not been updated.

# Not a target:
list_utils/create_node.o:
#  Implicit rule search has not been done.
#  Modification time never checked.
#  File has not been updated.

# Not a target:
checker_bonus/function_utils/parse_av.o:
#  Implicit rule search has not been done.
#  Modification time never checked.
#  File has not been updated.

# Not a target:
function_utils/ft_strchr.o:
#  Implicit rule search has not been done.
#  Modification time never checked.
#  File has not been updated.

# Not a target:
checker_bonus/instructions/swap.o:
#  Implicit rule search has not been done.
#  Modification time never checked.
#  File has not been updated.

# Not a target:
function_utils/error_exit.o:
#  Implicit rule search has not been done.
#  Modification time never checked.
#  File has not been updated.

# Not a target:
checker_bonus/instructions/reverse_rotate.o:
#  Implicit rule search has not been done.
#  Modification time never checked.
#  File has not been updated.

# Not a target:
checker_bonus/checker_bonus.o:
#  Implicit rule search has not been done.
#  Modification time never checked.
#  File has not been updated.

# Not a target:
list_utils/last_node.o:
#  Implicit rule search has not been done.
#  Modification time never checked.
#  File has not been updated.

# files hash-table stats:
# Load=66/1024=6%, Rehash=0, Collisions=4/143=3%
# VPATH Search Paths

# No `vpath' search paths.

# No general (`VPATH' variable) search path.

# # of strings in strcache: 1
# # of strcache buffers: 1
# strcache size: total = 4096 / max = 4096 / min = 4096 / avg = 4096
# strcache free: total = 4087 / max = 4087 / min = 4087 / avg = 4087

# Finished Make data base on Fri May 20 11:33:29 2022

 
